<html>
<body>
<pre>
<h1>µVision Build Log</h1>
<h2>Project:</h2>
C:\Users\Chris\Documents\GitHub\CECS347\CECS347-Lab4\Lab14.uvproj
Project File Date:  11/05/2018

<h2>Output:</h2>
Rebuild target 'Lab14'
assembling startup.s...
compiling MeasurementOfDistance.c...
compiling Nokia5110.c...
compiling ADC.c...
linking...
Program Size: Code=12916 RO-data=7716 RW-data=208 ZI-data=1752  
".\Lab14.axf" - 0 Error(s), 0 Warning(s).
: function "PWM0A_Duty" declared implicitly
        PWM0A_Duty(3);
MeasurementOfDistance.c(155): warning:  #223-D: function "PWM1A_Duty" declared implicitly
        PWM1A_Duty(3);
MeasurementOfDistance.c(240): error:  #159: declaration is incompatible with previous "PWM1A_Duty" (declared at line 155)
  void PWM1A_Duty(uint16_t duty){
MeasurementOfDistance.c(245): error:  #159: declaration is incompatible with previous "PWM0A_Init" (declared at line 152)
  void PWM0A_Init(unsigned int period, unsigned int duty){
MeasurementOfDistance.c(268): error:  #159: declaration is incompatible with previous "PWM0A_Duty" (declared at line 154)
  void PWM0A_Duty(unsigned int duty){
MeasurementOfDistance.c: 3 warnings, 3 errors
compiling Nokia5110.c...
compiling ADC.c...
".\Lab14.axf" - 3 Error(s), 3 Warning(s).
Target not created
